Arguments: 
  /Users/ogun-yeong/.nvm/versions/node/v12.16.1/bin/node /usr/local/bin/yarn start

PATH: 
  /Users/ogun-yeong/.nvm/versions/node/v12.16.1/bin:/Users/ogun-yeong/.gem/bin:/Users/ogun-yeong/anaconda/bin:/Users/ogun-yeong/.local/bin:/usr/local/bin:/usr/bin:/bin:/usr/sbin:/sbin:/Users/ogun-yeong/Desktop/project/youtube/util/chromedriver:/usr/local/share/npm/bin:/usr/local/share/dotnet:/Library/Apple/usr/bin:/Library/Frameworks/Mono.framework/Versions/Current/Commands:/Users/ogun-yeong/Desktop/project/youtube/util/chromedriver/bin:/Users/ogun-yeong/Library/Android/sdk/tools:/Users/ogun-yeong/Library/Android/sdk/platform-tools:/Users/ogun-yeong/Desktop/company/jncsystem/blocksystem/util/apache-maven-3.3.9/bin:/Users/ogun-yeong/Desktop/company/jncsystem/blocksystem/util/apache-tomcat-7.0.96/bin

Yarn version: 
  1.5.1

Node version: 
  12.16.1

Platform: 
  darwin x64

npm manifest: 
  {
    "main": "node_modules/expo/AppEntry.js",
    "scripts": {
      "start": "expo start",
      "android": "expo start --android",
      "ios": "expo start --ios",
      "web": "expo start --web",
      "eject": "expo eject",
      "publish": "expo publish"
    },
    "dependencies": {
      "@react-native-community/datetimepicker": "3.0.4",
      "@react-native-community/masked-view": "0.1.10",
      "@react-navigation/bottom-tabs": "^5.11.8",
      "@react-navigation/material-bottom-tabs": "^5.3.14",
      "@react-navigation/native": "5.1.1",
      "@react-navigation/stack": "^5.14.3",
      "expo": "^40.0.1",
      "expo-app-loading": "^1.0.1",
      "expo-barcode-scanner": "~9.1.0",
      "expo-status-bar": "~1.0.3",
      "firebase": "7.9.0",
      "native-base": "^2.15.2",
      "prop-types": "^15.7.2",
      "react": "16.13.1",
      "react-dom": "16.13.1",
      "react-native": "https://github.com/expo/react-native/archive/sdk-40.0.1.tar.gz",
      "react-native-elements": "^3.2.0",
      "react-native-gesture-handler": "~1.8.0",
      "react-native-loading-spinner-overlay": "^2.0.0",
      "react-native-modal-datetime-picker": "^9.2.0",
      "react-native-picker-select": "^8.0.4",
      "react-native-qrcode-svg": "^6.1.1",
      "react-native-reanimated": "~1.13.0",
      "react-native-safe-area-context": "3.1.9",
      "react-native-screens": "~2.15.2",
      "react-native-web": "~0.13.12",
      "react-navigation": "^4.4.4",
      "react-navigation-stack": "^2.10.3"
    },
    "devDependencies": {
      "@babel/core": "~7.9.0",
      "babel-plugin-module-resolver": "^4.1.0"
    },
    "private": true
  }

yarn manifest: 
  No manifest

Lockfile: 
  No lockfile

Trace: 
  Error: Command failed.
  Exit code: 1
  Command: sh
  Arguments: -c expo start
  Directory: /Users/ogun-yeong/Desktop/company/check/check-in
  Output:
  
      at ProcessTermError.MessageError (/usr/local/lib/node_modules/yarn/lib/cli.js:186:110)
      at new ProcessTermError (/usr/local/lib/node_modules/yarn/lib/cli.js:226:113)
      at ChildProcess.<anonymous> (/usr/local/lib/node_modules/yarn/lib/cli.js:30281:17)
      at ChildProcess.emit (events.js:311:20)
      at maybeClose (internal/child_process.js:1021:16)
      at Process.ChildProcess._handle.onexit (internal/child_process.js:286:5)
